Replace Part C1 CAP 100nF 0805 in C:\Users\klomp\Documents\thunderbots\PCB_NucleoClone\Connectors_Clone.SchDoc with CAP 100nF 0805 from AltiumLibraries.IntLib
Replace Part D1 LED GREEN SMD in C:\Users\klomp\Documents\thunderbots\PCB_NucleoClone\Connectors_Clone.SchDoc with LED GREEN SMD from AltiumLibraries.IntLib
Replace Part D2 LED RED SMD in C:\Users\klomp\Documents\thunderbots\PCB_NucleoClone\Connectors_Clone.SchDoc with LED RED SMD from AltiumLibraries.IntLib
Replace Part D? LED GREEN SMD in C:\Users\klomp\Documents\thunderbots\PCB_NucleoClone\Connectors_Clone.SchDoc with LED GREEN SMD from AltiumLibraries.IntLib
Replace Part P2 Header 5X2 in C:\Users\klomp\Documents\thunderbots\PCB_NucleoClone\Connectors_Clone.SchDoc with Header 5X2 from Miscellaneous Connectors.IntLib
Replace Part P3 Header 4 in C:\Users\klomp\Documents\thunderbots\PCB_NucleoClone\Connectors_Clone.SchDoc with Header 4 from Miscellaneous Connectors.IntLib
Replace Part P? CN HDR JTAG in C:\Users\klomp\Documents\thunderbots\PCB_NucleoClone\Connectors_Clone.SchDoc with CN HDR JTAG from AltiumLibraries.IntLib
Replace Part P? Header 16X2 in C:\Users\klomp\Documents\thunderbots\PCB_NucleoClone\Connectors_Clone.SchDoc with Header 16X2 from Miscellaneous Connectors.IntLib
Replace Part P? Header 16X2 in C:\Users\klomp\Documents\thunderbots\PCB_NucleoClone\Connectors_Clone.SchDoc with Header 16X2 from Miscellaneous Connectors.IntLib
Replace Part P? Header 19X2 in C:\Users\klomp\Documents\thunderbots\PCB_NucleoClone\Connectors_Clone.SchDoc with Header 19X2 from Miscellaneous Connectors.IntLib
Replace Part P? Header 19X2 in C:\Users\klomp\Documents\thunderbots\PCB_NucleoClone\Connectors_Clone.SchDoc with Header 19X2 from Miscellaneous Connectors.IntLib
Replace Part R1 RES 0 0805 in C:\Users\klomp\Documents\thunderbots\PCB_NucleoClone\Connectors_Clone.SchDoc with RES 0 0805 from AltiumLibraries.IntLib
Replace Part R2 RES 0 0805 in C:\Users\klomp\Documents\thunderbots\PCB_NucleoClone\Connectors_Clone.SchDoc with RES 0 0805 from AltiumLibraries.IntLib
Replace Part R3 RES 0 0805 in C:\Users\klomp\Documents\thunderbots\PCB_NucleoClone\Connectors_Clone.SchDoc with RES 0 0805 from AltiumLibraries.IntLib
Replace Part R4 RES 0 0805 in C:\Users\klomp\Documents\thunderbots\PCB_NucleoClone\Connectors_Clone.SchDoc with RES 0 0805 from AltiumLibraries.IntLib
Replace Part R5 RES 0 0805 in C:\Users\klomp\Documents\thunderbots\PCB_NucleoClone\Connectors_Clone.SchDoc with RES 0 0805 from AltiumLibraries.IntLib
Replace Part R6 RES 0 0805 in C:\Users\klomp\Documents\thunderbots\PCB_NucleoClone\Connectors_Clone.SchDoc with RES 0 0805 from AltiumLibraries.IntLib
Replace Part R7 RES 0 0805 in C:\Users\klomp\Documents\thunderbots\PCB_NucleoClone\Connectors_Clone.SchDoc with RES 0 0805 from AltiumLibraries.IntLib
Replace Part R8 RES 270 0805 in C:\Users\klomp\Documents\thunderbots\PCB_NucleoClone\Connectors_Clone.SchDoc with RES 270 0805 from AltiumLibraries.IntLib
Replace Part R11 RES 47k 0805 in C:\Users\klomp\Documents\thunderbots\PCB_NucleoClone\Connectors_Clone.SchDoc with RES 47k 0805 from AltiumLibraries.IntLib
Replace Part R12 RES 47k 0805 in C:\Users\klomp\Documents\thunderbots\PCB_NucleoClone\Connectors_Clone.SchDoc with RES 47k 0805 from AltiumLibraries.IntLib
Replace Part R14 RES 100k 0805 in C:\Users\klomp\Documents\thunderbots\PCB_NucleoClone\Connectors_Clone.SchDoc with RES 100k 0805 from AltiumLibraries.IntLib
Replace Part R15 RES 100k 0805 in C:\Users\klomp\Documents\thunderbots\PCB_NucleoClone\Connectors_Clone.SchDoc with RES 100k 0805 from AltiumLibraries.IntLib
Replace Part R16 RES 270 0805 in C:\Users\klomp\Documents\thunderbots\PCB_NucleoClone\Connectors_Clone.SchDoc with RES 270 0805 from AltiumLibraries.IntLib
Replace Part R17 RES 47k 0805 in C:\Users\klomp\Documents\thunderbots\PCB_NucleoClone\Connectors_Clone.SchDoc with RES 47k 0805 from AltiumLibraries.IntLib
Replace Part R18 RES 100k 0805 in C:\Users\klomp\Documents\thunderbots\PCB_NucleoClone\Connectors_Clone.SchDoc with RES 100k 0805 from AltiumLibraries.IntLib
Replace Part R? RES 270 0805 in C:\Users\klomp\Documents\thunderbots\PCB_NucleoClone\Connectors_Clone.SchDoc with RES 270 0805 from AltiumLibraries.IntLib
