Replace Part C2 CAP 100nF 0805 in C:\Users\klomp\Documents\thunderbots\PCB_NucleoClone\MCU_144_IOs_Clone.SchDoc with CAP 100nF 0805 from AltiumLibraries.IntLib
Replace Part C3 CAP 100nF 0805 in C:\Users\klomp\Documents\thunderbots\PCB_NucleoClone\MCU_144_IOs_Clone.SchDoc with CAP 100nF 0805 from AltiumLibraries.IntLib
Replace Part C4 CAP 5.6pF 0805 in C:\Users\klomp\Documents\thunderbots\PCB_NucleoClone\MCU_144_IOs_Clone.SchDoc with CAP 5.6pF 0805 from AltiumLibraries.IntLib
Replace Part C5 CAP 5.6pF 0805 in C:\Users\klomp\Documents\thunderbots\PCB_NucleoClone\MCU_144_IOs_Clone.SchDoc with CAP 5.6pF 0805 from AltiumLibraries.IntLib
Replace Part C6 CAP 5.1pF 0805 in C:\Users\klomp\Documents\thunderbots\PCB_NucleoClone\MCU_144_IOs_Clone.SchDoc with CAP 5.1pF 0805 from AltiumLibraries.IntLib
Replace Part C7 CAP 5.1pF 0805 in C:\Users\klomp\Documents\thunderbots\PCB_NucleoClone\MCU_144_IOs_Clone.SchDoc with CAP 5.1pF 0805 from AltiumLibraries.IntLib
Replace Part R19 RES 0 0805 in C:\Users\klomp\Documents\thunderbots\PCB_NucleoClone\MCU_144_IOs_Clone.SchDoc with RES 0 0805 from AltiumLibraries.IntLib
Replace Part R20 RES 0 0805 in C:\Users\klomp\Documents\thunderbots\PCB_NucleoClone\MCU_144_IOs_Clone.SchDoc with RES 0 0805 from AltiumLibraries.IntLib
Replace Part R21 RES 0 0805 in C:\Users\klomp\Documents\thunderbots\PCB_NucleoClone\MCU_144_IOs_Clone.SchDoc with RES 0 0805 from AltiumLibraries.IntLib
Replace Part R22 RES 0 0805 in C:\Users\klomp\Documents\thunderbots\PCB_NucleoClone\MCU_144_IOs_Clone.SchDoc with RES 0 0805 from AltiumLibraries.IntLib
Replace Part R23 RES 0 0805 in C:\Users\klomp\Documents\thunderbots\PCB_NucleoClone\MCU_144_IOs_Clone.SchDoc with RES 0 0805 from AltiumLibraries.IntLib
Replace Part R24 RES 0 0805 in C:\Users\klomp\Documents\thunderbots\PCB_NucleoClone\MCU_144_IOs_Clone.SchDoc with RES 0 0805 from AltiumLibraries.IntLib
Replace Part R25 RES 0 0805 in C:\Users\klomp\Documents\thunderbots\PCB_NucleoClone\MCU_144_IOs_Clone.SchDoc with RES 0 0805 from AltiumLibraries.IntLib
Replace Part R26 RES 330 0805 in C:\Users\klomp\Documents\thunderbots\PCB_NucleoClone\MCU_144_IOs_Clone.SchDoc with RES 330 0805 from AltiumLibraries.IntLib
Replace Part R27 RES 0 0805 in C:\Users\klomp\Documents\thunderbots\PCB_NucleoClone\MCU_144_IOs_Clone.SchDoc with RES 0 0805 from AltiumLibraries.IntLib
Replace Part R28 RES 0 0805 in C:\Users\klomp\Documents\thunderbots\PCB_NucleoClone\MCU_144_IOs_Clone.SchDoc with RES 0 0805 from AltiumLibraries.IntLib
Replace Part R29 RES 0 0805 in C:\Users\klomp\Documents\thunderbots\PCB_NucleoClone\MCU_144_IOs_Clone.SchDoc with RES 0 0805 from AltiumLibraries.IntLib
Replace Part R30 RES 0 0805 in C:\Users\klomp\Documents\thunderbots\PCB_NucleoClone\MCU_144_IOs_Clone.SchDoc with RES 0 0805 from AltiumLibraries.IntLib
Replace Part R31 RES 100k 0805 in C:\Users\klomp\Documents\thunderbots\PCB_NucleoClone\MCU_144_IOs_Clone.SchDoc with RES 100k 0805 from AltiumLibraries.IntLib
Replace Part R32 RES 0 0805 in C:\Users\klomp\Documents\thunderbots\PCB_NucleoClone\MCU_144_IOs_Clone.SchDoc with RES 0 0805 from AltiumLibraries.IntLib
Replace Part R33 RES 0 0805 in C:\Users\klomp\Documents\thunderbots\PCB_NucleoClone\MCU_144_IOs_Clone.SchDoc with RES 0 0805 from AltiumLibraries.IntLib
Replace Part R34 RES 0 0805 in C:\Users\klomp\Documents\thunderbots\PCB_NucleoClone\MCU_144_IOs_Clone.SchDoc with RES 0 0805 from AltiumLibraries.IntLib
Replace Part R35 RES 0 0805 in C:\Users\klomp\Documents\thunderbots\PCB_NucleoClone\MCU_144_IOs_Clone.SchDoc with RES 0 0805 from AltiumLibraries.IntLib
Replace Part R36 RES 0 0805 in C:\Users\klomp\Documents\thunderbots\PCB_NucleoClone\MCU_144_IOs_Clone.SchDoc with RES 0 0805 from AltiumLibraries.IntLib
Replace Part R37 RES 0 0805 in C:\Users\klomp\Documents\thunderbots\PCB_NucleoClone\MCU_144_IOs_Clone.SchDoc with RES 0 0805 from AltiumLibraries.IntLib
Replace Part R38 RES 0 0805 in C:\Users\klomp\Documents\thunderbots\PCB_NucleoClone\MCU_144_IOs_Clone.SchDoc with RES 0 0805 from AltiumLibraries.IntLib
Replace Part R39 RES 0 0805 in C:\Users\klomp\Documents\thunderbots\PCB_NucleoClone\MCU_144_IOs_Clone.SchDoc with RES 0 0805 from AltiumLibraries.IntLib
Replace Part R40 RES 0 0805 in C:\Users\klomp\Documents\thunderbots\PCB_NucleoClone\MCU_144_IOs_Clone.SchDoc with RES 0 0805 from AltiumLibraries.IntLib
Replace Part R41 RES 0 0805 in C:\Users\klomp\Documents\thunderbots\PCB_NucleoClone\MCU_144_IOs_Clone.SchDoc with RES 0 0805 from AltiumLibraries.IntLib
Replace Part R42 RES 0 0805 in C:\Users\klomp\Documents\thunderbots\PCB_NucleoClone\MCU_144_IOs_Clone.SchDoc with RES 0 0805 from AltiumLibraries.IntLib
Replace Part R43 RES 0 0805 in C:\Users\klomp\Documents\thunderbots\PCB_NucleoClone\MCU_144_IOs_Clone.SchDoc with RES 0 0805 from AltiumLibraries.IntLib
Replace Part R44 RES 0 0805 in C:\Users\klomp\Documents\thunderbots\PCB_NucleoClone\MCU_144_IOs_Clone.SchDoc with RES 0 0805 from AltiumLibraries.IntLib
Replace Part R45 RES 10k 0805 in C:\Users\klomp\Documents\thunderbots\PCB_NucleoClone\MCU_144_IOs_Clone.SchDoc with RES 10k 0805 from AltiumLibraries.IntLib
Replace Part R46 RES 10k 0805 in C:\Users\klomp\Documents\thunderbots\PCB_NucleoClone\MCU_144_IOs_Clone.SchDoc with RES 10k 0805 from AltiumLibraries.IntLib
Replace Part R47 RES 10k 0805 in C:\Users\klomp\Documents\thunderbots\PCB_NucleoClone\MCU_144_IOs_Clone.SchDoc with RES 10k 0805 from AltiumLibraries.IntLib
Replace Part R48 RES 0 0805 in C:\Users\klomp\Documents\thunderbots\PCB_NucleoClone\MCU_144_IOs_Clone.SchDoc with RES 0 0805 from AltiumLibraries.IntLib
Replace Part S? SW PUSH NO in C:\Users\klomp\Documents\thunderbots\PCB_NucleoClone\MCU_144_IOs_Clone.SchDoc with SW PUSH NO from AltiumLibraries.IntLib
Replace Part S? SW PUSH NO in C:\Users\klomp\Documents\thunderbots\PCB_NucleoClone\MCU_144_IOs_Clone.SchDoc with SW PUSH NO from AltiumLibraries.IntLib
Replace Part U1 STM32H743ZI in C:\Users\klomp\Documents\thunderbots\PCB_NucleoClone\MCU_144_IOs_Clone.SchDoc with STM32H743ZI from AltiumLibraries.IntLib
Replace Part XTAL? XTAL 32.7680KHZ 12.5PF SMD in C:\Users\klomp\Documents\thunderbots\PCB_NucleoClone\MCU_144_IOs_Clone.SchDoc with XTAL 32.7680KHZ 12.5PF SMD from AltiumLibraries.IntLib
Replace Part XTAL? XTAL 25MHZ 8PF SMD in C:\Users\klomp\Documents\thunderbots\PCB_NucleoClone\MCU_144_IOs_Clone.SchDoc with XTAL 25MHZ 8PF SMD from AltiumLibraries.IntLib
