Replace Part C8 CAP 100nF 0805 in C:\Users\klomp\Documents\thunderbots\PCB_NucleoClone\MCU_144_POWER_Clone.SchDoc with CAP 100nF 0805 from AltiumLibraries.IntLib
Replace Part C9 CAP 100nF 0805 in C:\Users\klomp\Documents\thunderbots\PCB_NucleoClone\MCU_144_POWER_Clone.SchDoc with CAP 100nF 0805 from AltiumLibraries.IntLib
Replace Part C10 CAP 2.2uF 0805 in C:\Users\klomp\Documents\thunderbots\PCB_NucleoClone\MCU_144_POWER_Clone.SchDoc with CAP 2.2uF 0805 from AltiumLibraries.IntLib
Replace Part C11 CAP 2.2uF 0805 in C:\Users\klomp\Documents\thunderbots\PCB_NucleoClone\MCU_144_POWER_Clone.SchDoc with CAP 2.2uF 0805 from AltiumLibraries.IntLib
Replace Part C12 CAP 1uF 0805 in C:\Users\klomp\Documents\thunderbots\PCB_NucleoClone\MCU_144_POWER_Clone.SchDoc with CAP 1uF 0805 from AltiumLibraries.IntLib
Replace Part C13 CAP 1uF 0805 in C:\Users\klomp\Documents\thunderbots\PCB_NucleoClone\MCU_144_POWER_Clone.SchDoc with CAP 1uF 0805 from AltiumLibraries.IntLib
Replace Part C14 CAP 100nF 0805 in C:\Users\klomp\Documents\thunderbots\PCB_NucleoClone\MCU_144_POWER_Clone.SchDoc with CAP 100nF 0805 from AltiumLibraries.IntLib
Replace Part C15 CAP 1uF 0805 in C:\Users\klomp\Documents\thunderbots\PCB_NucleoClone\MCU_144_POWER_Clone.SchDoc with CAP 1uF 0805 from AltiumLibraries.IntLib
Replace Part C16 CAP 100nF 0805 in C:\Users\klomp\Documents\thunderbots\PCB_NucleoClone\MCU_144_POWER_Clone.SchDoc with CAP 100nF 0805 from AltiumLibraries.IntLib
Replace Part C17 CAP 4.7uF 0805 in C:\Users\klomp\Documents\thunderbots\PCB_NucleoClone\MCU_144_POWER_Clone.SchDoc with CAP 4.7uF 0805 from AltiumLibraries.IntLib
Replace Part C18 CAP 100nF 0805 in C:\Users\klomp\Documents\thunderbots\PCB_NucleoClone\MCU_144_POWER_Clone.SchDoc with CAP 100nF 0805 from AltiumLibraries.IntLib
Replace Part C19 CAP 100nF 0805 in C:\Users\klomp\Documents\thunderbots\PCB_NucleoClone\MCU_144_POWER_Clone.SchDoc with CAP 100nF 0805 from AltiumLibraries.IntLib
Replace Part C20 CAP 100nF 0805 in C:\Users\klomp\Documents\thunderbots\PCB_NucleoClone\MCU_144_POWER_Clone.SchDoc with CAP 100nF 0805 from AltiumLibraries.IntLib
Replace Part C21 CAP 100nF 0805 in C:\Users\klomp\Documents\thunderbots\PCB_NucleoClone\MCU_144_POWER_Clone.SchDoc with CAP 100nF 0805 from AltiumLibraries.IntLib
Replace Part C22 CAP 100nF 0805 in C:\Users\klomp\Documents\thunderbots\PCB_NucleoClone\MCU_144_POWER_Clone.SchDoc with CAP 100nF 0805 from AltiumLibraries.IntLib
Replace Part C23 CAP 100nF 0805 in C:\Users\klomp\Documents\thunderbots\PCB_NucleoClone\MCU_144_POWER_Clone.SchDoc with CAP 100nF 0805 from AltiumLibraries.IntLib
Replace Part C24 CAP 100nF 0805 in C:\Users\klomp\Documents\thunderbots\PCB_NucleoClone\MCU_144_POWER_Clone.SchDoc with CAP 100nF 0805 from AltiumLibraries.IntLib
Replace Part C25 CAP 100nF 0805 in C:\Users\klomp\Documents\thunderbots\PCB_NucleoClone\MCU_144_POWER_Clone.SchDoc with CAP 100nF 0805 from AltiumLibraries.IntLib
Replace Part C26 CAP 100nF 0805 in C:\Users\klomp\Documents\thunderbots\PCB_NucleoClone\MCU_144_POWER_Clone.SchDoc with CAP 100nF 0805 from AltiumLibraries.IntLib
Replace Part C27 CAP 100nF 0805 in C:\Users\klomp\Documents\thunderbots\PCB_NucleoClone\MCU_144_POWER_Clone.SchDoc with CAP 100nF 0805 from AltiumLibraries.IntLib
Replace Part R49 RES 0 0805 in C:\Users\klomp\Documents\thunderbots\PCB_NucleoClone\MCU_144_POWER_Clone.SchDoc with RES 0 0805 from AltiumLibraries.IntLib
Replace Part R50 RES 0 0805 in C:\Users\klomp\Documents\thunderbots\PCB_NucleoClone\MCU_144_POWER_Clone.SchDoc with RES 0 0805 from AltiumLibraries.IntLib
Replace Part R51 RES 0 0805 in C:\Users\klomp\Documents\thunderbots\PCB_NucleoClone\MCU_144_POWER_Clone.SchDoc with RES 0 0805 from AltiumLibraries.IntLib
Replace Part R52 RES 0 0805 in C:\Users\klomp\Documents\thunderbots\PCB_NucleoClone\MCU_144_POWER_Clone.SchDoc with RES 0 0805 from AltiumLibraries.IntLib
Replace Part R53 RES 0 0805 in C:\Users\klomp\Documents\thunderbots\PCB_NucleoClone\MCU_144_POWER_Clone.SchDoc with RES 0 0805 from AltiumLibraries.IntLib
Replace Part R? RES 0 0805 in C:\Users\klomp\Documents\thunderbots\PCB_NucleoClone\MCU_144_POWER_Clone.SchDoc with RES 0 0805 from AltiumLibraries.IntLib
