Replace Part C? CAP 2.2uF 0805 in C:\Users\klomp\Documents\thunderbots\PCB_NucleoClone\Power_Board_Clone.SchDoc with CAP 2.2uF 0805 from AltiumLibraries.IntLib
Replace Part C? CAP 470pF 0805 in C:\Users\klomp\Documents\thunderbots\PCB_NucleoClone\Power_Board_Clone.SchDoc with CAP 470pF 0805 from AltiumLibraries.IntLib
Replace Part C? CAP 1uF 0805 in C:\Users\klomp\Documents\thunderbots\PCB_NucleoClone\Power_Board_Clone.SchDoc with CAP 1uF 0805 from AltiumLibraries.IntLib
Replace Part D? LED GREEN SMD in C:\Users\klomp\Documents\thunderbots\PCB_NucleoClone\Power_Board_Clone.SchDoc with LED GREEN SMD from AltiumLibraries.IntLib
Replace Part D? LED GREEN SMD in C:\Users\klomp\Documents\thunderbots\PCB_NucleoClone\Power_Board_Clone.SchDoc with LED GREEN SMD from AltiumLibraries.IntLib
Replace Part D? MMSZ5245B-TP in C:\Users\klomp\Documents\thunderbots\PCB_NucleoClone\Power_Board_Clone.SchDoc with MMSZ5245B-TP from AltiumLibraries.IntLib
Replace Part D? MMSZ5245B-TP in C:\Users\klomp\Documents\thunderbots\PCB_NucleoClone\Power_Board_Clone.SchDoc with MMSZ5245B-TP from AltiumLibraries.IntLib
Replace Part D? LED GREEN SMD in C:\Users\klomp\Documents\thunderbots\PCB_NucleoClone\Power_Board_Clone.SchDoc with LED GREEN SMD from AltiumLibraries.IntLib
Replace Part D? LED GREEN SMD in C:\Users\klomp\Documents\thunderbots\PCB_NucleoClone\Power_Board_Clone.SchDoc with LED GREEN SMD from AltiumLibraries.IntLib
Replace Part D? MMSZ5245B-TP in C:\Users\klomp\Documents\thunderbots\PCB_NucleoClone\Power_Board_Clone.SchDoc with MMSZ5245B-TP from AltiumLibraries.IntLib
Replace Part D? MMSZ5245B-TP in C:\Users\klomp\Documents\thunderbots\PCB_NucleoClone\Power_Board_Clone.SchDoc with MMSZ5245B-TP from AltiumLibraries.IntLib
Replace Part F? Fuse 3A 1206 in C:\Users\klomp\Documents\thunderbots\PCB_NucleoClone\Power_Board_Clone.SchDoc with Fuse 3A 1206 from AltiumLibraries.IntLib
Replace Part F? Fuse 3A 1206 in C:\Users\klomp\Documents\thunderbots\PCB_NucleoClone\Power_Board_Clone.SchDoc with Fuse 3A 1206 from AltiumLibraries.IntLib
Replace Part R? RES 165k 0805 in C:\Users\klomp\Documents\thunderbots\PCB_NucleoClone\Power_Board_Clone.SchDoc with RES 165k 0805 from AltiumLibraries.IntLib
Replace Part R? RES 100k 0805 in C:\Users\klomp\Documents\thunderbots\PCB_NucleoClone\Power_Board_Clone.SchDoc with RES 100k 0805 from AltiumLibraries.IntLib
Replace Part R? RES 182 0805 in C:\Users\klomp\Documents\thunderbots\PCB_NucleoClone\Power_Board_Clone.SchDoc with RES 182 0805 from AltiumLibraries.IntLib
Replace Part R? RES 182 0805 in C:\Users\klomp\Documents\thunderbots\PCB_NucleoClone\Power_Board_Clone.SchDoc with RES 182 0805 from AltiumLibraries.IntLib
Replace Part R? RES 270 0805 in C:\Users\klomp\Documents\thunderbots\PCB_NucleoClone\Power_Board_Clone.SchDoc with RES 270 0805 from AltiumLibraries.IntLib
Replace Part R? RES 270 0805 in C:\Users\klomp\Documents\thunderbots\PCB_NucleoClone\Power_Board_Clone.SchDoc with RES 270 0805 from AltiumLibraries.IntLib
Replace Part R? RES 0 0805 in C:\Users\klomp\Documents\thunderbots\PCB_NucleoClone\Power_Board_Clone.SchDoc with RES 0 0805 from AltiumLibraries.IntLib
Replace Part R? RES 0 0805 in C:\Users\klomp\Documents\thunderbots\PCB_NucleoClone\Power_Board_Clone.SchDoc with RES 0 0805 from AltiumLibraries.IntLib
Replace Part U? REG LIN POS ADJ in C:\Users\klomp\Documents\thunderbots\PCB_NucleoClone\Power_Board_Clone.SchDoc with REG LIN POS ADJ from AltiumLibraries.IntLib
